[baseline-browser-mapping] The data in this module is over two months old.  To ensure accurate Baseline data, please update: `npm i baseline-browser-mapping@latest -D`
   ▲ Next.js 16.0.10 (Turbopack)
   - Local:         http://localhost:3000
   - Network:       http://192.168.0.2:3000
   - Experiments (use with caution):
     ⨯ webpackBuildWorker

 ✓ Starting...
 ✓ Ready in 1289ms
 ○ Compiling /user/truyenthong ...
 GET /user/truyenthong 200 in 5.0s (compile: 4.6s, render: 431ms)
 GET /login 200 in 879ms (compile: 826ms, render: 53ms)
 GET /login 200 in 891ms (compile: 161ms, render: 730ms)
 ○ Compiling /api/app-auth/login ...

🔄 Running database migrations...
❌ Migration system error (Connection or Query failed):
✅ Database is up to date. No new migrations.

⚠️ 1 migration(s) had errors (may be already existing tables).

App auth login error: AggregateError:
    at async POST (app/api/app-auth/login/route.ts:25:26)
  23 |         if (normalizedInput.includes('@')) {
  24 |             // Standard email login or username with explicit marker
> 25 |             userResult = await pool.query(
     |                          ^
  26 |                 `SELECT * FROM app_users
  27 |                  WHERE (email = $1 OR LOWER(username) = $1)
  28 |                  AND is_active = true {
  code: 'ECONNREFUSED'
}
 POST /api/app-auth/login 500 in 7.9s (compile: 7.4s, render: 483ms)
 GET /login 200 in 233ms (compile: 61ms, render: 172ms)
App auth login error: AggregateError:
    at async POST (app/api/app-auth/login/route.ts:25:26)
  23 |         if (normalizedInput.includes('@')) {
  24 |             // Standard email login or username with explicit marker
> 25 |             userResult = await pool.query(
     |                          ^
  26 |                 `SELECT * FROM app_users
  27 |                  WHERE (email = $1 OR LOWER(username) = $1)
  28 |                  AND is_active = true {
  code: 'ECONNREFUSED'
}
 POST /api/app-auth/login 500 in 312ms (compile: 4ms, render: 309ms)
 GET /user/truyenthong 200 in 86ms (compile: 8ms, render: 78ms)
 GET /login 200 in 45ms (compile: 7ms, render: 39ms)
