
> teaching-portal-system@0.1.0 build
> next build

[baseline-browser-mapping] The data in this module is over two months old.  To ensure accurate Baseline data, please update: `npm i baseline-browser-mapping@latest -D`
   ▲ Next.js 16.0.10 (Turbopack)
   - Environments: .env
   - Experiments (use with caution):
     · proxyClientMaxBodySize: "1gb"
     ⨯ webpackBuildWorker

 ⚠ The "middleware" file convention is deprecated. Please use "proxy" instead. Learn more: https://nextjs.org/docs/messages/middleware-to-proxy
   Creating an optimized production build ...
[baseline-browser-mapping] The data in this module is over two months old.  To ensure accurate Baseline data, please update: `npm i baseline-browser-mapping@latest -D`
 ✓ Compiled successfully in 28.7s
   Running TypeScript ...
Failed to compile.

./components/system-metrics/CenterUsageChart.tsx:77:15
Type error: Type '(value: number, name: string) => [number, "Lượt sử dụng"] | [number, "Số người dùng"]' is not assignable to type 'Formatter<number, string> & ((value: number, name: string, item: Payload<number, string>, index: number, payload: Payload<number, string>[]) => ReactNode | [...])'.
  Type '(value: number, name: string) => [number, "Lượt sử dụng"] | [number, "Số người dùng"]' is not assignable to type 'Formatter<number, string>'.
    Types of parameters 'value' and 'value' are incompatible.
      Type 'number | undefined' is not assignable to type 'number'.
        Type 'undefined' is not assignable to type 'number'.

[0m [90m 75 |[39m                 [36mreturn[39m [32m`Cơ sở: ${datum?.center ?? ''}`[39m
 [90m 76 |[39m               }}
[31m[1m>[22m[39m[90m 77 |[39m               formatter[33m=[39m{(value[33m:[39m number[33m,[39m name[33m:[39m string) [33m=>[39m {
 [90m    |[39m               [31m[1m^[22m[39m
 [90m 78 |[39m                 [36mif[39m (name [33m===[39m [32m'usage_count'[39m) [36mreturn[39m [value[33m,[39m [32m'Lượt sử dụng'[39m]
 [90m 79 |[39m                 [36mreturn[39m [value[33m,[39m [32m'Số người dùng'[39m]
 [90m 80 |[39m               }}[0m
Next.js build worker exited with code: 1 and signal: null
