
> teaching-portal-system@0.1.0 build
> next build

node.exe : [baseline-browser-mapping] The data in this module is over two 
months old.  To ensure accurate Baseline data, please update: `npm i 
baseline-browser-mapping@latest -D`
At C:\Program Files\nodejs\npm.ps1:29 char:3
+   & $NODE_EXE $NPM_CLI_JS $args
+   ~~~~~~~~~~~~~~~~~~~~~~~~~~~~~
    + CategoryInfo          : NotSpecified: ([baseline-brows...ping@latest -D` 
   :String) [], RemoteException
    + FullyQualifiedErrorId : NativeCommandError
 
   ▲ Next.js 16.0.10 (Turbopack)
   - Environments: .env
   - Experiments (use with caution):
     ⨯ webpackBuildWorker

 ⚠ The "middleware" file convention is deprecated. Please use "proxy" instead. 
Learn more: https://nextjs.org/docs/messages/middleware-to-proxy
   Creating an optimized production build ...
[baseline-browser-mapping] The data in this module is over two months old.  To 
ensure accurate Baseline data, please update: `npm i 
baseline-browser-mapping@latest -D`
 ✓ Compiled successfully in 20.2s
   Running TypeScript ...
Failed to compile.

./components/system-metrics/DevicePieChart.tsx:63:17
Type error: Type '(value: number, name: string) => [string, string]' is not 
assignable to type 'Formatter<number, string> & ((value: number, name: string, 
item: Payload<number, string>, index: number, payload: Payload<number, 
string>[]) => ReactNode | [...])'.
  Type '(value: number, name: string) => [string, string]' is not assignable 
to type 'Formatter<number, string>'.
    Types of parameters 'value' and 'value' are incompatible.
      Type 'number | undefined' is not assignable to type 'number'.
        Type 'undefined' is not assignable to type 'number'.

[0m [90m 61 |[39m                   fontSize[33m:[39m 
[35m12[39m[33m,[39m
 [90m 62 |[39m                 }}
[31m[1m>[22m[39m[90m 63 |[39m                 
formatter[33m=[39m{(value[33m:[39m number[33m,[39m name[33m:[39m 
string) [33m=>[39m [
 [90m    |[39m                 [31m[1m^[22m[39m
 [90m 64 |[39m                   [32m`${value}%`[39m[33m,[39m
 [90m 65 |[39m                   [33mLABELS[39m[name] [33m||[39m 
name[33m,[39m
 [90m 66 |[39m                 ]}[0m
Next.js build worker exited with code: 1 and signal: null
