
> teaching-portal-system@0.1.0 build
> next build

[baseline-browser-mapping] The data in this module is over two months old.  To ensure accurate Baseline data, please update: `npm i baseline-browser-mapping@latest -D`
   ▲ Next.js 16.0.10 (Turbopack)
   - Environments: .env
   - Experiments (use with caution):
     ⨯ webpackBuildWorker

 ⚠ The "middleware" file convention is deprecated. Please use "proxy" instead. Learn more: https://nextjs.org/docs/messages/middleware-to-proxy
   Creating an optimized production build ...
[baseline-browser-mapping] The data in this module is over two months old.  To ensure accurate Baseline data, please update: `npm i baseline-browser-mapping@latest -D`

> Build error occurred
Error: Turbopack build failed with 1 errors:
./app/admin/system-metrics/page.tsx:12:11
Parsing ecmascript source code failed
[0m [90m 10 |[39m   useSystemHealth[33m,[39m
 [90m 11 |[39m   useEngagement[33m,[39m
[31m[1m>[22m[39m[90m 12 |[39m           [33m<[39m[33m>[39m
 [90m    |[39m           [31m[1m^[22m[39m
 [90m 13 |[39m             [33m<[39m[33mdiv[39m className[33m=[39m[32m"grid grid-cols-1 sm:grid-cols-2 lg:grid-cols-4 gap-4"[39m[33m>[39m
 [90m 14 |[39m               [33m<[39m[33mMetricCard[39m
 [90m 15 |[39m                 label[33m=[39m[32m"Người dùng đang online"[39m[0m

Unexpected token `<`. Expected identifier or string


    at <unknown> (./app/admin/system-metrics/page.tsx:12:11)
